{"/Users/halilibrahimirmak/Desktop/SimpleRedis/src/index.js": {"path":"/Users/halilibrahimirmak/Desktop/SimpleRedis/src/index.js","statementMap":{},"fnMap":{},"branchMap":{},"s":{},"f":{},"b":{},"_coverageSchema":"332fd63041d2c1bcb487cc26dd0d5f7d97098a6c","hash":"fa0a02697227bcc46afb1180eae99acb631e0fa7"}
,"/Users/halilibrahimirmak/Desktop/SimpleRedis/src/api/index.js": {"path":"/Users/halilibrahimirmak/Desktop/SimpleRedis/src/api/index.js","statementMap":{"0":{"start":{"line":1,"column":14},"end":{"line":1,"column":30}},"1":{"start":{"line":3,"column":23},"end":{"line":22,"column":1}},"2":{"start":{"line":5,"column":4},"end":{"line":9,"column":5}},"3":{"start":{"line":8,"column":6},"end":{"line":8,"column":60}},"4":{"start":{"line":10,"column":4},"end":{"line":14,"column":5}},"5":{"start":{"line":13,"column":6},"end":{"line":13,"column":47}},"6":{"start":{"line":15,"column":4},"end":{"line":18,"column":5}},"7":{"start":{"line":17,"column":6},"end":{"line":17,"column":23}},"8":{"start":{"line":20,"column":4},"end":{"line":20,"column":49}},"9":{"start":{"line":26,"column":4},"end":{"line":26,"column":22}},"10":{"start":{"line":27,"column":4},"end":{"line":27,"column":22}},"11":{"start":{"line":28,"column":4},"end":{"line":28,"column":28}},"12":{"start":{"line":29,"column":4},"end":{"line":29,"column":30}},"13":{"start":{"line":30,"column":4},"end":{"line":30,"column":32}},"14":{"start":{"line":31,"column":4},"end":{"line":31,"column":40}},"15":{"start":{"line":34,"column":19},"end":{"line":34,"column":76}},"16":{"start":{"line":35,"column":4},"end":{"line":37,"column":5}},"17":{"start":{"line":36,"column":6},"end":{"line":36,"column":34}},"18":{"start":{"line":38,"column":4},"end":{"line":42,"column":7}},"19":{"start":{"line":39,"column":6},"end":{"line":41,"column":7}},"20":{"start":{"line":40,"column":8},"end":{"line":40,"column":49}},"21":{"start":{"line":43,"column":4},"end":{"line":43,"column":18}},"22":{"start":{"line":46,"column":4},"end":{"line":51,"column":7}},"23":{"start":{"line":47,"column":6},"end":{"line":50,"column":7}},"24":{"start":{"line":48,"column":8},"end":{"line":48,"column":43}},"25":{"start":{"line":48,"column":17},"end":{"line":48,"column":43}},"26":{"start":{"line":49,"column":8},"end":{"line":49,"column":31}},"27":{"start":{"line":54,"column":4},"end":{"line":59,"column":7}},"28":{"start":{"line":55,"column":6},"end":{"line":58,"column":7}},"29":{"start":{"line":56,"column":8},"end":{"line":56,"column":41}},"30":{"start":{"line":56,"column":17},"end":{"line":56,"column":41}},"31":{"start":{"line":57,"column":8},"end":{"line":57,"column":31}},"32":{"start":{"line":62,"column":4},"end":{"line":67,"column":7}},"33":{"start":{"line":63,"column":6},"end":{"line":66,"column":7}},"34":{"start":{"line":64,"column":8},"end":{"line":64,"column":43}},"35":{"start":{"line":64,"column":17},"end":{"line":64,"column":43}},"36":{"start":{"line":65,"column":8},"end":{"line":65,"column":31}},"37":{"start":{"line":70,"column":4},"end":{"line":75,"column":7}},"38":{"start":{"line":71,"column":6},"end":{"line":74,"column":7}},"39":{"start":{"line":72,"column":8},"end":{"line":72,"column":43}},"40":{"start":{"line":72,"column":17},"end":{"line":72,"column":43}},"41":{"start":{"line":73,"column":8},"end":{"line":73,"column":31}},"42":{"start":{"line":78,"column":4},"end":{"line":83,"column":7}},"43":{"start":{"line":79,"column":6},"end":{"line":82,"column":7}},"44":{"start":{"line":80,"column":8},"end":{"line":80,"column":43}},"45":{"start":{"line":80,"column":17},"end":{"line":80,"column":43}},"46":{"start":{"line":81,"column":8},"end":{"line":81,"column":31}},"47":{"start":{"line":86,"column":4},"end":{"line":91,"column":7}},"48":{"start":{"line":87,"column":6},"end":{"line":90,"column":7}},"49":{"start":{"line":88,"column":8},"end":{"line":88,"column":43}},"50":{"start":{"line":88,"column":17},"end":{"line":88,"column":43}},"51":{"start":{"line":89,"column":8},"end":{"line":89,"column":30}},"52":{"start":{"line":94,"column":4},"end":{"line":99,"column":7}},"53":{"start":{"line":95,"column":6},"end":{"line":98,"column":7}},"54":{"start":{"line":96,"column":8},"end":{"line":96,"column":43}},"55":{"start":{"line":96,"column":17},"end":{"line":96,"column":43}},"56":{"start":{"line":97,"column":8},"end":{"line":97,"column":31}},"57":{"start":{"line":102,"column":4},"end":{"line":107,"column":7}},"58":{"start":{"line":103,"column":6},"end":{"line":106,"column":7}},"59":{"start":{"line":104,"column":8},"end":{"line":104,"column":44}},"60":{"start":{"line":104,"column":17},"end":{"line":104,"column":44}},"61":{"start":{"line":105,"column":8},"end":{"line":105,"column":31}},"62":{"start":{"line":110,"column":4},"end":{"line":116,"column":7}},"63":{"start":{"line":111,"column":6},"end":{"line":115,"column":7}},"64":{"start":{"line":111,"column":15},"end":{"line":111,"column":36}},"65":{"start":{"line":113,"column":8},"end":{"line":113,"column":41}},"66":{"start":{"line":113,"column":25},"end":{"line":113,"column":41}},"67":{"start":{"line":114,"column":8},"end":{"line":114,"column":25}},"68":{"start":{"line":119,"column":4},"end":{"line":124,"column":7}},"69":{"start":{"line":120,"column":6},"end":{"line":123,"column":7}},"70":{"start":{"line":121,"column":8},"end":{"line":121,"column":38}},"71":{"start":{"line":121,"column":17},"end":{"line":121,"column":38}},"72":{"start":{"line":122,"column":8},"end":{"line":122,"column":25}},"73":{"start":{"line":127,"column":4},"end":{"line":130,"column":7}},"74":{"start":{"line":128,"column":6},"end":{"line":128,"column":36}},"75":{"start":{"line":128,"column":15},"end":{"line":128,"column":36}},"76":{"start":{"line":129,"column":6},"end":{"line":129,"column":23}},"77":{"start":{"line":138,"column":10},"end":{"line":138,"column":38}}},"fnMap":{"0":{"name":"(anonymous_0)","decl":{"start":{"line":4,"column":18},"end":{"line":4,"column":19}},"loc":{"start":{"line":4,"column":36},"end":{"line":21,"column":3}},"line":4},"1":{"name":"(anonymous_1)","decl":{"start":{"line":25,"column":2},"end":{"line":25,"column":3}},"loc":{"start":{"line":25,"column":69},"end":{"line":32,"column":3}},"line":25},"2":{"name":"(anonymous_2)","decl":{"start":{"line":33,"column":2},"end":{"line":33,"column":3}},"loc":{"start":{"line":33,"column":18},"end":{"line":44,"column":3}},"line":33},"3":{"name":"(anonymous_3)","decl":{"start":{"line":38,"column":25},"end":{"line":38,"column":26}},"loc":{"start":{"line":38,"column":31},"end":{"line":42,"column":5}},"line":38},"4":{"name":"(anonymous_4)","decl":{"start":{"line":45,"column":2},"end":{"line":45,"column":3}},"loc":{"start":{"line":45,"column":30},"end":{"line":52,"column":3}},"line":45},"5":{"name":"(anonymous_5)","decl":{"start":{"line":46,"column":42},"end":{"line":46,"column":43}},"loc":{"start":{"line":46,"column":58},"end":{"line":51,"column":5}},"line":46},"6":{"name":"(anonymous_6)","decl":{"start":{"line":53,"column":2},"end":{"line":53,"column":3}},"loc":{"start":{"line":53,"column":23},"end":{"line":60,"column":3}},"line":53},"7":{"name":"(anonymous_7)","decl":{"start":{"line":54,"column":33},"end":{"line":54,"column":34}},"loc":{"start":{"line":54,"column":49},"end":{"line":59,"column":5}},"line":54},"8":{"name":"(anonymous_8)","decl":{"start":{"line":61,"column":2},"end":{"line":61,"column":3}},"loc":{"start":{"line":61,"column":25},"end":{"line":68,"column":3}},"line":61},"9":{"name":"(anonymous_9)","decl":{"start":{"line":62,"column":41},"end":{"line":62,"column":42}},"loc":{"start":{"line":62,"column":57},"end":{"line":67,"column":5}},"line":62},"10":{"name":"(anonymous_10)","decl":{"start":{"line":69,"column":2},"end":{"line":69,"column":3}},"loc":{"start":{"line":69,"column":19},"end":{"line":76,"column":3}},"line":69},"11":{"name":"(anonymous_11)","decl":{"start":{"line":70,"column":37},"end":{"line":70,"column":38}},"loc":{"start":{"line":70,"column":53},"end":{"line":75,"column":5}},"line":70},"12":{"name":"(anonymous_12)","decl":{"start":{"line":77,"column":2},"end":{"line":77,"column":3}},"loc":{"start":{"line":77,"column":26},"end":{"line":84,"column":3}},"line":77},"13":{"name":"(anonymous_13)","decl":{"start":{"line":78,"column":42},"end":{"line":78,"column":43}},"loc":{"start":{"line":78,"column":58},"end":{"line":83,"column":5}},"line":78},"14":{"name":"(anonymous_14)","decl":{"start":{"line":85,"column":2},"end":{"line":85,"column":3}},"loc":{"start":{"line":85,"column":31},"end":{"line":92,"column":3}},"line":85},"15":{"name":"(anonymous_15)","decl":{"start":{"line":86,"column":46},"end":{"line":86,"column":47}},"loc":{"start":{"line":86,"column":62},"end":{"line":91,"column":5}},"line":86},"16":{"name":"(anonymous_16)","decl":{"start":{"line":93,"column":2},"end":{"line":93,"column":3}},"loc":{"start":{"line":93,"column":28},"end":{"line":100,"column":3}},"line":93},"17":{"name":"(anonymous_17)","decl":{"start":{"line":94,"column":41},"end":{"line":94,"column":42}},"loc":{"start":{"line":94,"column":57},"end":{"line":99,"column":5}},"line":94},"18":{"name":"(anonymous_18)","decl":{"start":{"line":101,"column":2},"end":{"line":101,"column":3}},"loc":{"start":{"line":101,"column":18},"end":{"line":108,"column":3}},"line":101},"19":{"name":"(anonymous_19)","decl":{"start":{"line":102,"column":31},"end":{"line":102,"column":32}},"loc":{"start":{"line":102,"column":47},"end":{"line":107,"column":5}},"line":102},"20":{"name":"(anonymous_20)","decl":{"start":{"line":109,"column":2},"end":{"line":109,"column":3}},"loc":{"start":{"line":109,"column":20},"end":{"line":117,"column":3}},"line":109},"21":{"name":"(anonymous_21)","decl":{"start":{"line":110,"column":29},"end":{"line":110,"column":30}},"loc":{"start":{"line":110,"column":45},"end":{"line":116,"column":5}},"line":110},"22":{"name":"(anonymous_22)","decl":{"start":{"line":118,"column":2},"end":{"line":118,"column":3}},"loc":{"start":{"line":118,"column":21},"end":{"line":125,"column":3}},"line":118},"23":{"name":"(anonymous_23)","decl":{"start":{"line":119,"column":33},"end":{"line":119,"column":34}},"loc":{"start":{"line":119,"column":49},"end":{"line":124,"column":5}},"line":119},"24":{"name":"(anonymous_24)","decl":{"start":{"line":126,"column":2},"end":{"line":126,"column":3}},"loc":{"start":{"line":126,"column":33},"end":{"line":131,"column":3}},"line":126},"25":{"name":"(anonymous_25)","decl":{"start":{"line":127,"column":37},"end":{"line":127,"column":38}},"loc":{"start":{"line":127,"column":53},"end":{"line":130,"column":5}},"line":127},"26":{"name":"(anonymous_26)","decl":{"start":{"line":133,"column":15},"end":{"line":133,"column":16}},"loc":{"start":{"line":138,"column":10},"end":{"line":138,"column":38}},"line":138}},"branchMap":{"0":{"loc":{"start":{"line":5,"column":4},"end":{"line":9,"column":5}},"type":"if","locations":[{"start":{"line":5,"column":4},"end":{"line":9,"column":5}},{"start":{"line":5,"column":4},"end":{"line":9,"column":5}}],"line":5},"1":{"loc":{"start":{"line":5,"column":8},"end":{"line":5,"column":62}},"type":"binary-expr","locations":[{"start":{"line":5,"column":8},"end":{"line":5,"column":21}},{"start":{"line":5,"column":25},"end":{"line":5,"column":62}}],"line":5},"2":{"loc":{"start":{"line":10,"column":4},"end":{"line":14,"column":5}},"type":"if","locations":[{"start":{"line":10,"column":4},"end":{"line":14,"column":5}},{"start":{"line":10,"column":4},"end":{"line":14,"column":5}}],"line":10},"3":{"loc":{"start":{"line":15,"column":4},"end":{"line":18,"column":5}},"type":"if","locations":[{"start":{"line":15,"column":4},"end":{"line":18,"column":5}},{"start":{"line":15,"column":4},"end":{"line":18,"column":5}}],"line":15},"4":{"loc":{"start":{"line":25,"column":37},"end":{"line":25,"column":61}},"type":"default-arg","locations":[{"start":{"line":25,"column":47},"end":{"line":25,"column":61}}],"line":25},"5":{"loc":{"start":{"line":30,"column":21},"end":{"line":30,"column":31}},"type":"binary-expr","locations":[{"start":{"line":30,"column":21},"end":{"line":30,"column":25}},{"start":{"line":30,"column":29},"end":{"line":30,"column":31}}],"line":30},"6":{"loc":{"start":{"line":35,"column":4},"end":{"line":37,"column":5}},"type":"if","locations":[{"start":{"line":35,"column":4},"end":{"line":37,"column":5}},{"start":{"line":35,"column":4},"end":{"line":37,"column":5}}],"line":35},"7":{"loc":{"start":{"line":39,"column":6},"end":{"line":41,"column":7}},"type":"if","locations":[{"start":{"line":39,"column":6},"end":{"line":41,"column":7}},{"start":{"line":39,"column":6},"end":{"line":41,"column":7}}],"line":39},"8":{"loc":{"start":{"line":47,"column":6},"end":{"line":50,"column":7}},"type":"if","locations":[{"start":{"line":47,"column":6},"end":{"line":50,"column":7}},{"start":{"line":47,"column":6},"end":{"line":50,"column":7}}],"line":47},"9":{"loc":{"start":{"line":48,"column":8},"end":{"line":48,"column":43}},"type":"if","locations":[{"start":{"line":48,"column":8},"end":{"line":48,"column":43}},{"start":{"line":48,"column":8},"end":{"line":48,"column":43}}],"line":48},"10":{"loc":{"start":{"line":55,"column":6},"end":{"line":58,"column":7}},"type":"if","locations":[{"start":{"line":55,"column":6},"end":{"line":58,"column":7}},{"start":{"line":55,"column":6},"end":{"line":58,"column":7}}],"line":55},"11":{"loc":{"start":{"line":56,"column":8},"end":{"line":56,"column":41}},"type":"if","locations":[{"start":{"line":56,"column":8},"end":{"line":56,"column":41}},{"start":{"line":56,"column":8},"end":{"line":56,"column":41}}],"line":56},"12":{"loc":{"start":{"line":63,"column":6},"end":{"line":66,"column":7}},"type":"if","locations":[{"start":{"line":63,"column":6},"end":{"line":66,"column":7}},{"start":{"line":63,"column":6},"end":{"line":66,"column":7}}],"line":63},"13":{"loc":{"start":{"line":64,"column":8},"end":{"line":64,"column":43}},"type":"if","locations":[{"start":{"line":64,"column":8},"end":{"line":64,"column":43}},{"start":{"line":64,"column":8},"end":{"line":64,"column":43}}],"line":64},"14":{"loc":{"start":{"line":71,"column":6},"end":{"line":74,"column":7}},"type":"if","locations":[{"start":{"line":71,"column":6},"end":{"line":74,"column":7}},{"start":{"line":71,"column":6},"end":{"line":74,"column":7}}],"line":71},"15":{"loc":{"start":{"line":72,"column":8},"end":{"line":72,"column":43}},"type":"if","locations":[{"start":{"line":72,"column":8},"end":{"line":72,"column":43}},{"start":{"line":72,"column":8},"end":{"line":72,"column":43}}],"line":72},"16":{"loc":{"start":{"line":79,"column":6},"end":{"line":82,"column":7}},"type":"if","locations":[{"start":{"line":79,"column":6},"end":{"line":82,"column":7}},{"start":{"line":79,"column":6},"end":{"line":82,"column":7}}],"line":79},"17":{"loc":{"start":{"line":80,"column":8},"end":{"line":80,"column":43}},"type":"if","locations":[{"start":{"line":80,"column":8},"end":{"line":80,"column":43}},{"start":{"line":80,"column":8},"end":{"line":80,"column":43}}],"line":80},"18":{"loc":{"start":{"line":85,"column":19},"end":{"line":85,"column":29}},"type":"default-arg","locations":[{"start":{"line":85,"column":27},"end":{"line":85,"column":29}}],"line":85},"19":{"loc":{"start":{"line":87,"column":6},"end":{"line":90,"column":7}},"type":"if","locations":[{"start":{"line":87,"column":6},"end":{"line":90,"column":7}},{"start":{"line":87,"column":6},"end":{"line":90,"column":7}}],"line":87},"20":{"loc":{"start":{"line":88,"column":8},"end":{"line":88,"column":43}},"type":"if","locations":[{"start":{"line":88,"column":8},"end":{"line":88,"column":43}},{"start":{"line":88,"column":8},"end":{"line":88,"column":43}}],"line":88},"21":{"loc":{"start":{"line":95,"column":6},"end":{"line":98,"column":7}},"type":"if","locations":[{"start":{"line":95,"column":6},"end":{"line":98,"column":7}},{"start":{"line":95,"column":6},"end":{"line":98,"column":7}}],"line":95},"22":{"loc":{"start":{"line":96,"column":8},"end":{"line":96,"column":43}},"type":"if","locations":[{"start":{"line":96,"column":8},"end":{"line":96,"column":43}},{"start":{"line":96,"column":8},"end":{"line":96,"column":43}}],"line":96},"23":{"loc":{"start":{"line":103,"column":6},"end":{"line":106,"column":7}},"type":"if","locations":[{"start":{"line":103,"column":6},"end":{"line":106,"column":7}},{"start":{"line":103,"column":6},"end":{"line":106,"column":7}}],"line":103},"24":{"loc":{"start":{"line":104,"column":8},"end":{"line":104,"column":44}},"type":"if","locations":[{"start":{"line":104,"column":8},"end":{"line":104,"column":44}},{"start":{"line":104,"column":8},"end":{"line":104,"column":44}}],"line":104},"25":{"loc":{"start":{"line":111,"column":6},"end":{"line":115,"column":7}},"type":"if","locations":[{"start":{"line":111,"column":6},"end":{"line":115,"column":7}},{"start":{"line":111,"column":6},"end":{"line":115,"column":7}}],"line":111},"26":{"loc":{"start":{"line":113,"column":8},"end":{"line":113,"column":41}},"type":"if","locations":[{"start":{"line":113,"column":8},"end":{"line":113,"column":41}},{"start":{"line":113,"column":8},"end":{"line":113,"column":41}}],"line":113},"27":{"loc":{"start":{"line":120,"column":6},"end":{"line":123,"column":7}},"type":"if","locations":[{"start":{"line":120,"column":6},"end":{"line":123,"column":7}},{"start":{"line":120,"column":6},"end":{"line":123,"column":7}}],"line":120},"28":{"loc":{"start":{"line":121,"column":8},"end":{"line":121,"column":38}},"type":"if","locations":[{"start":{"line":121,"column":8},"end":{"line":121,"column":38}},{"start":{"line":121,"column":8},"end":{"line":121,"column":38}}],"line":121},"29":{"loc":{"start":{"line":128,"column":6},"end":{"line":128,"column":36}},"type":"if","locations":[{"start":{"line":128,"column":6},"end":{"line":128,"column":36}},{"start":{"line":128,"column":6},"end":{"line":128,"column":36}}],"line":128},"30":{"loc":{"start":{"line":133,"column":16},"end":{"line":138,"column":1}},"type":"default-arg","locations":[{"start":{"line":133,"column":26},"end":{"line":138,"column":1}}],"line":133}},"s":{"0":1,"1":1,"2":0,"3":0,"4":0,"5":0,"6":0,"7":0,"8":0,"9":3,"10":3,"11":3,"12":3,"13":3,"14":3,"15":3,"16":3,"17":2,"18":3,"19":0,"20":0,"21":3,"22":1,"23":0,"24":0,"25":0,"26":0,"27":1,"28":0,"29":0,"30":0,"31":0,"32":2,"33":0,"34":0,"35":0,"36":0,"37":0,"38":0,"39":0,"40":0,"41":0,"42":1,"43":0,"44":0,"45":0,"46":0,"47":0,"48":0,"49":0,"50":0,"51":0,"52":2,"53":0,"54":0,"55":0,"56":0,"57":0,"58":0,"59":0,"60":0,"61":0,"62":0,"63":0,"64":0,"65":0,"66":0,"67":0,"68":62,"69":0,"70":0,"71":0,"72":0,"73":0,"74":0,"75":0,"76":0,"77":3},"f":{"0":0,"1":3,"2":3,"3":0,"4":1,"5":0,"6":1,"7":0,"8":2,"9":0,"10":0,"11":0,"12":1,"13":0,"14":0,"15":0,"16":2,"17":0,"18":0,"19":0,"20":0,"21":0,"22":62,"23":0,"24":0,"25":0,"26":3},"b":{"0":[0,0],"1":[0,0],"2":[0,0],"3":[0,0],"4":[2],"5":[3,3],"6":[2,1],"7":[0,0],"8":[0,0],"9":[0,0],"10":[0,0],"11":[0,0],"12":[0,0],"13":[0,0],"14":[0,0],"15":[0,0],"16":[0,0],"17":[0,0],"18":[0],"19":[0,0],"20":[0,0],"21":[0,0],"22":[0,0],"23":[0,0],"24":[0,0],"25":[0,0],"26":[0,0],"27":[0,0],"28":[0,0],"29":[0,0],"30":[1]},"_coverageSchema":"332fd63041d2c1bcb487cc26dd0d5f7d97098a6c","hash":"f09474cf6fa6b41948133eae5d8f54ad50ae43ee"}
,"/Users/halilibrahimirmak/Desktop/SimpleRedis/src/config/index.js": {"path":"/Users/halilibrahimirmak/Desktop/SimpleRedis/src/config/index.js","statementMap":{"0":{"start":{"line":3,"column":0},"end":{"line":3,"column":14}},"1":{"start":{"line":5,"column":15},"end":{"line":9,"column":1}}},"fnMap":{},"branchMap":{},"s":{"0":1,"1":1},"f":{},"b":{},"_coverageSchema":"332fd63041d2c1bcb487cc26dd0d5f7d97098a6c","hash":"d8f1c9ab7aad87020a2b4e40b59e8ad2a95c58ec"}
}
